[2022-09-21 18:00:48,596] INFO Reading configuration from: /Users/ducvo/kafka_2.13-3.2.1/config/zookeeper.properties (org.apache.zookeeper.server.quorum.QuorumPeerConfig)
[2022-09-21 18:00:48,600] ERROR Invalid config, exiting abnormally (org.apache.zookeeper.server.quorum.QuorumPeerMain)
org.apache.zookeeper.server.quorum.QuorumPeerConfig$ConfigException: Error processing /Users/ducvo/kafka_2.13-3.2.1/config/zookeeper.properties
	at org.apache.zookeeper.server.quorum.QuorumPeerConfig.parse(QuorumPeerConfig.java:198)
	at org.apache.zookeeper.server.quorum.QuorumPeerMain.initializeAndRun(QuorumPeerMain.java:124)
	at org.apache.zookeeper.server.quorum.QuorumPeerMain.main(QuorumPeerMain.java:90)
Caused by: java.lang.IllegalArgumentException: /Users/ducvo/kafka_2.13-3.2.1/config/zookeeper.properties file is missing
	at org.apache.zookeeper.server.util.VerifyingFileFactory.doFailForNonExistingPath(VerifyingFileFactory.java:54)
	at org.apache.zookeeper.server.util.VerifyingFileFactory.validate(VerifyingFileFactory.java:47)
	at org.apache.zookeeper.server.util.VerifyingFileFactory.create(VerifyingFileFactory.java:39)
	at org.apache.zookeeper.server.quorum.QuorumPeerConfig.parse(QuorumPeerConfig.java:180)
	... 2 more
[2022-09-21 18:00:48,603] INFO ZooKeeper audit is disabled. (org.apache.zookeeper.audit.ZKAuditProvider)
[2022-09-21 18:00:48,606] ERROR Exiting JVM with code 2 (org.apache.zookeeper.util.ServiceUtils)
[2022-09-21 18:02:13,740] INFO Reading configuration from: /Users/ducvo/kafka_2.13-3.2.1/config/zookeeper.properties (org.apache.zookeeper.server.quorum.QuorumPeerConfig)
[2022-09-21 18:02:13,750] INFO clientPortAddress is 0.0.0.0:2181 (org.apache.zookeeper.server.quorum.QuorumPeerConfig)
[2022-09-21 18:02:13,750] INFO secureClientPort is not set (org.apache.zookeeper.server.quorum.QuorumPeerConfig)
[2022-09-21 18:02:13,750] INFO observerMasterPort is not set (org.apache.zookeeper.server.quorum.QuorumPeerConfig)
[2022-09-21 18:02:13,750] INFO metricsProvider.className is org.apache.zookeeper.metrics.impl.DefaultMetricsProvider (org.apache.zookeeper.server.quorum.QuorumPeerConfig)
[2022-09-21 18:02:13,752] INFO autopurge.snapRetainCount set to 3 (org.apache.zookeeper.server.DatadirCleanupManager)
[2022-09-21 18:02:13,752] INFO autopurge.purgeInterval set to 0 (org.apache.zookeeper.server.DatadirCleanupManager)
[2022-09-21 18:02:13,752] INFO Purge task is not scheduled. (org.apache.zookeeper.server.DatadirCleanupManager)
[2022-09-21 18:02:13,752] WARN Either no config or no quorum defined in config, running in standalone mode (org.apache.zookeeper.server.quorum.QuorumPeerMain)
[2022-09-21 18:02:13,753] INFO Log4j 1.2 jmx support not found; jmx disabled. (org.apache.zookeeper.jmx.ManagedUtil)
[2022-09-21 18:02:13,754] INFO Reading configuration from: /Users/ducvo/kafka_2.13-3.2.1/config/zookeeper.properties (org.apache.zookeeper.server.quorum.QuorumPeerConfig)
[2022-09-21 18:02:13,754] INFO clientPortAddress is 0.0.0.0:2181 (org.apache.zookeeper.server.quorum.QuorumPeerConfig)
[2022-09-21 18:02:13,754] INFO secureClientPort is not set (org.apache.zookeeper.server.quorum.QuorumPeerConfig)
[2022-09-21 18:02:13,755] INFO observerMasterPort is not set (org.apache.zookeeper.server.quorum.QuorumPeerConfig)
[2022-09-21 18:02:13,755] INFO metricsProvider.className is org.apache.zookeeper.metrics.impl.DefaultMetricsProvider (org.apache.zookeeper.server.quorum.QuorumPeerConfig)
[2022-09-21 18:02:13,755] INFO Starting server (org.apache.zookeeper.server.ZooKeeperServerMain)
[2022-09-21 18:02:13,766] INFO ServerMetrics initialized with provider org.apache.zookeeper.metrics.impl.DefaultMetricsProvider@1e67a849 (org.apache.zookeeper.server.ServerMetrics)
[2022-09-21 18:02:13,769] INFO zookeeper.snapshot.trust.empty : false (org.apache.zookeeper.server.persistence.FileTxnSnapLog)
[2022-09-21 18:02:13,779] INFO  (org.apache.zookeeper.server.ZooKeeperServer)
[2022-09-21 18:02:13,779] INFO   ______                  _                                           (org.apache.zookeeper.server.ZooKeeperServer)
[2022-09-21 18:02:13,779] INFO  |___  /                 | |                                          (org.apache.zookeeper.server.ZooKeeperServer)
[2022-09-21 18:02:13,779] INFO     / /    ___     ___   | | __   ___    ___   _ __     ___   _ __    (org.apache.zookeeper.server.ZooKeeperServer)
[2022-09-21 18:02:13,779] INFO    / /    / _ \   / _ \  | |/ /  / _ \  / _ \ | '_ \   / _ \ | '__| (org.apache.zookeeper.server.ZooKeeperServer)
[2022-09-21 18:02:13,780] INFO   / /__  | (_) | | (_) | |   <  |  __/ |  __/ | |_) | |  __/ | |     (org.apache.zookeeper.server.ZooKeeperServer)
[2022-09-21 18:02:13,780] INFO  /_____|  \___/   \___/  |_|\_\  \___|  \___| | .__/   \___| |_| (org.apache.zookeeper.server.ZooKeeperServer)
[2022-09-21 18:02:13,780] INFO                                               | |                      (org.apache.zookeeper.server.ZooKeeperServer)
[2022-09-21 18:02:13,780] INFO                                               |_|                      (org.apache.zookeeper.server.ZooKeeperServer)
[2022-09-21 18:02:13,780] INFO  (org.apache.zookeeper.server.ZooKeeperServer)
[2022-09-21 18:02:13,782] INFO Server environment:zookeeper.version=3.6.3--6401e4ad2087061bc6b9f80dec2d69f2e3c8660a, built on 04/08/2021 16:35 GMT (org.apache.zookeeper.server.ZooKeeperServer)
[2022-09-21 18:02:13,782] INFO Server environment:host.name=localhost (org.apache.zookeeper.server.ZooKeeperServer)
[2022-09-21 18:02:13,782] INFO Server environment:java.version=17.0.4.1 (org.apache.zookeeper.server.ZooKeeperServer)
[2022-09-21 18:02:13,782] INFO Server environment:java.vendor=Oracle Corporation (org.apache.zookeeper.server.ZooKeeperServer)
[2022-09-21 18:02:13,782] INFO Server environment:java.home=/Library/Java/JavaVirtualMachines/jdk-17.0.4.1.jdk/Contents/Home (org.apache.zookeeper.server.ZooKeeperServer)
[2022-09-21 18:02:13,782] INFO Server environment:java.class.path=/Users/ducvo/kafka_2.13-3.2.1/bin/../libs/activation-1.1.1.jar:/Users/ducvo/kafka_2.13-3.2.1/bin/../libs/aopalliance-repackaged-2.6.1.jar:/Users/ducvo/kafka_2.13-3.2.1/bin/../libs/argparse4j-0.7.0.jar:/Users/ducvo/kafka_2.13-3.2.1/bin/../libs/audience-annotations-0.5.0.jar:/Users/ducvo/kafka_2.13-3.2.1/bin/../libs/commons-cli-1.4.jar:/Users/ducvo/kafka_2.13-3.2.1/bin/../libs/commons-lang3-3.8.1.jar:/Users/ducvo/kafka_2.13-3.2.1/bin/../libs/connect-api-3.2.1.jar:/Users/ducvo/kafka_2.13-3.2.1/bin/../libs/connect-basic-auth-extension-3.2.1.jar:/Users/ducvo/kafka_2.13-3.2.1/bin/../libs/connect-json-3.2.1.jar:/Users/ducvo/kafka_2.13-3.2.1/bin/../libs/connect-mirror-3.2.1.jar:/Users/ducvo/kafka_2.13-3.2.1/bin/../libs/connect-mirror-client-3.2.1.jar:/Users/ducvo/kafka_2.13-3.2.1/bin/../libs/connect-runtime-3.2.1.jar:/Users/ducvo/kafka_2.13-3.2.1/bin/../libs/connect-transforms-3.2.1.jar:/Users/ducvo/kafka_2.13-3.2.1/bin/../libs/hk2-api-2.6.1.jar:/Users/ducvo/kafka_2.13-3.2.1/bin/../libs/hk2-locator-2.6.1.jar:/Users/ducvo/kafka_2.13-3.2.1/bin/../libs/hk2-utils-2.6.1.jar:/Users/ducvo/kafka_2.13-3.2.1/bin/../libs/jackson-annotations-2.12.6.jar:/Users/ducvo/kafka_2.13-3.2.1/bin/../libs/jackson-core-2.12.6.jar:/Users/ducvo/kafka_2.13-3.2.1/bin/../libs/jackson-databind-2.12.6.1.jar:/Users/ducvo/kafka_2.13-3.2.1/bin/../libs/jackson-dataformat-csv-2.12.6.jar:/Users/ducvo/kafka_2.13-3.2.1/bin/../libs/jackson-datatype-jdk8-2.12.6.jar:/Users/ducvo/kafka_2.13-3.2.1/bin/../libs/jackson-jaxrs-base-2.12.6.jar:/Users/ducvo/kafka_2.13-3.2.1/bin/../libs/jackson-jaxrs-json-provider-2.12.6.jar:/Users/ducvo/kafka_2.13-3.2.1/bin/../libs/jackson-module-jaxb-annotations-2.12.6.jar:/Users/ducvo/kafka_2.13-3.2.1/bin/../libs/jackson-module-scala_2.13-2.12.6.jar:/Users/ducvo/kafka_2.13-3.2.1/bin/../libs/jakarta.activation-api-1.2.1.jar:/Users/ducvo/kafka_2.13-3.2.1/bin/../libs/jakarta.annotation-api-1.3.5.jar:/Users/ducvo/kafka_2.13-3.2.1/bin/../libs/jakarta.inject-2.6.1.jar:/Users/ducvo/kafka_2.13-3.2.1/bin/../libs/jakarta.validation-api-2.0.2.jar:/Users/ducvo/kafka_2.13-3.2.1/bin/../libs/jakarta.ws.rs-api-2.1.6.jar:/Users/ducvo/kafka_2.13-3.2.1/bin/../libs/jakarta.xml.bind-api-2.3.2.jar:/Users/ducvo/kafka_2.13-3.2.1/bin/../libs/javassist-3.27.0-GA.jar:/Users/ducvo/kafka_2.13-3.2.1/bin/../libs/javax.servlet-api-3.1.0.jar:/Users/ducvo/kafka_2.13-3.2.1/bin/../libs/javax.ws.rs-api-2.1.1.jar:/Users/ducvo/kafka_2.13-3.2.1/bin/../libs/jaxb-api-2.3.0.jar:/Users/ducvo/kafka_2.13-3.2.1/bin/../libs/jersey-client-2.34.jar:/Users/ducvo/kafka_2.13-3.2.1/bin/../libs/jersey-common-2.34.jar:/Users/ducvo/kafka_2.13-3.2.1/bin/../libs/jersey-container-servlet-2.34.jar:/Users/ducvo/kafka_2.13-3.2.1/bin/../libs/jersey-container-servlet-core-2.34.jar:/Users/ducvo/kafka_2.13-3.2.1/bin/../libs/jersey-hk2-2.34.jar:/Users/ducvo/kafka_2.13-3.2.1/bin/../libs/jersey-server-2.34.jar:/Users/ducvo/kafka_2.13-3.2.1/bin/../libs/jetty-client-9.4.44.v20210927.jar:/Users/ducvo/kafka_2.13-3.2.1/bin/../libs/jetty-continuation-9.4.44.v20210927.jar:/Users/ducvo/kafka_2.13-3.2.1/bin/../libs/jetty-http-9.4.44.v20210927.jar:/Users/ducvo/kafka_2.13-3.2.1/bin/../libs/jetty-io-9.4.44.v20210927.jar:/Users/ducvo/kafka_2.13-3.2.1/bin/../libs/jetty-security-9.4.44.v20210927.jar:/Users/ducvo/kafka_2.13-3.2.1/bin/../libs/jetty-server-9.4.44.v20210927.jar:/Users/ducvo/kafka_2.13-3.2.1/bin/../libs/jetty-servlet-9.4.44.v20210927.jar:/Users/ducvo/kafka_2.13-3.2.1/bin/../libs/jetty-servlets-9.4.44.v20210927.jar:/Users/ducvo/kafka_2.13-3.2.1/bin/../libs/jetty-util-9.4.44.v20210927.jar:/Users/ducvo/kafka_2.13-3.2.1/bin/../libs/jetty-util-ajax-9.4.44.v20210927.jar:/Users/ducvo/kafka_2.13-3.2.1/bin/../libs/jline-3.21.0.jar:/Users/ducvo/kafka_2.13-3.2.1/bin/../libs/jopt-simple-5.0.4.jar:/Users/ducvo/kafka_2.13-3.2.1/bin/../libs/jose4j-0.7.9.jar:/Users/ducvo/kafka_2.13-3.2.1/bin/../libs/kafka-clients-3.2.1.jar:/Users/ducvo/kafka_2.13-3.2.1/bin/../libs/kafka-log4j-appender-3.2.1.jar:/Users/ducvo/kafka_2.13-3.2.1/bin/../libs/kafka-metadata-3.2.1.jar:/Users/ducvo/kafka_2.13-3.2.1/bin/../libs/kafka-raft-3.2.1.jar:/Users/ducvo/kafka_2.13-3.2.1/bin/../libs/kafka-server-common-3.2.1.jar:/Users/ducvo/kafka_2.13-3.2.1/bin/../libs/kafka-shell-3.2.1.jar:/Users/ducvo/kafka_2.13-3.2.1/bin/../libs/kafka-storage-3.2.1.jar:/Users/ducvo/kafka_2.13-3.2.1/bin/../libs/kafka-storage-api-3.2.1.jar:/Users/ducvo/kafka_2.13-3.2.1/bin/../libs/kafka-streams-3.2.1.jar:/Users/ducvo/kafka_2.13-3.2.1/bin/../libs/kafka-streams-examples-3.2.1.jar:/Users/ducvo/kafka_2.13-3.2.1/bin/../libs/kafka-streams-scala_2.13-3.2.1.jar:/Users/ducvo/kafka_2.13-3.2.1/bin/../libs/kafka-streams-test-utils-3.2.1.jar:/Users/ducvo/kafka_2.13-3.2.1/bin/../libs/kafka-tools-3.2.1.jar:/Users/ducvo/kafka_2.13-3.2.1/bin/../libs/kafka_2.13-3.2.1.jar:/Users/ducvo/kafka_2.13-3.2.1/bin/../libs/lz4-java-1.8.0.jar:/Users/ducvo/kafka_2.13-3.2.1/bin/../libs/maven-artifact-3.8.4.jar:/Users/ducvo/kafka_2.13-3.2.1/bin/../libs/metrics-core-2.2.0.jar:/Users/ducvo/kafka_2.13-3.2.1/bin/../libs/metrics-core-4.1.12.1.jar:/Users/ducvo/kafka_2.13-3.2.1/bin/../libs/netty-buffer-4.1.73.Final.jar:/Users/ducvo/kafka_2.13-3.2.1/bin/../libs/netty-codec-4.1.73.Final.jar:/Users/ducvo/kafka_2.13-3.2.1/bin/../libs/netty-common-4.1.73.Final.jar:/Users/ducvo/kafka_2.13-3.2.1/bin/../libs/netty-handler-4.1.73.Final.jar:/Users/ducvo/kafka_2.13-3.2.1/bin/../libs/netty-resolver-4.1.73.Final.jar:/Users/ducvo/kafka_2.13-3.2.1/bin/../libs/netty-tcnative-classes-2.0.46.Final.jar:/Users/ducvo/kafka_2.13-3.2.1/bin/../libs/netty-transport-4.1.73.Final.jar:/Users/ducvo/kafka_2.13-3.2.1/bin/../libs/netty-transport-classes-epoll-4.1.73.Final.jar:/Users/ducvo/kafka_2.13-3.2.1/bin/../libs/netty-transport-native-epoll-4.1.73.Final.jar:/Users/ducvo/kafka_2.13-3.2.1/bin/../libs/netty-transport-native-unix-common-4.1.73.Final.jar:/Users/ducvo/kafka_2.13-3.2.1/bin/../libs/osgi-resource-locator-1.0.3.jar:/Users/ducvo/kafka_2.13-3.2.1/bin/../libs/paranamer-2.8.jar:/Users/ducvo/kafka_2.13-3.2.1/bin/../libs/plexus-utils-3.3.0.jar:/Users/ducvo/kafka_2.13-3.2.1/bin/../libs/reflections-0.9.12.jar:/Users/ducvo/kafka_2.13-3.2.1/bin/../libs/reload4j-1.2.19.jar:/Users/ducvo/kafka_2.13-3.2.1/bin/../libs/rocksdbjni-6.29.4.1.jar:/Users/ducvo/kafka_2.13-3.2.1/bin/../libs/scala-collection-compat_2.13-2.6.0.jar:/Users/ducvo/kafka_2.13-3.2.1/bin/../libs/scala-java8-compat_2.13-1.0.2.jar:/Users/ducvo/kafka_2.13-3.2.1/bin/../libs/scala-library-2.13.8.jar:/Users/ducvo/kafka_2.13-3.2.1/bin/../libs/scala-logging_2.13-3.9.4.jar:/Users/ducvo/kafka_2.13-3.2.1/bin/../libs/scala-reflect-2.13.8.jar:/Users/ducvo/kafka_2.13-3.2.1/bin/../libs/slf4j-api-1.7.36.jar:/Users/ducvo/kafka_2.13-3.2.1/bin/../libs/slf4j-reload4j-1.7.36.jar:/Users/ducvo/kafka_2.13-3.2.1/bin/../libs/snappy-java-1.1.8.4.jar:/Users/ducvo/kafka_2.13-3.2.1/bin/../libs/trogdor-3.2.1.jar:/Users/ducvo/kafka_2.13-3.2.1/bin/../libs/zookeeper-3.6.3.jar:/Users/ducvo/kafka_2.13-3.2.1/bin/../libs/zookeeper-jute-3.6.3.jar:/Users/ducvo/kafka_2.13-3.2.1/bin/../libs/zstd-jni-1.5.2-1.jar (org.apache.zookeeper.server.ZooKeeperServer)
[2022-09-21 18:02:13,785] INFO Server environment:java.library.path=/Users/ducvo/Library/Java/Extensions:/Library/Java/Extensions:/Network/Library/Java/Extensions:/System/Library/Java/Extensions:/usr/lib/java:. (org.apache.zookeeper.server.ZooKeeperServer)
[2022-09-21 18:02:13,785] INFO Server environment:java.io.tmpdir=/var/folders/2s/dywb29513ks7x5zhwp5r4dfc0000gn/T/ (org.apache.zookeeper.server.ZooKeeperServer)
[2022-09-21 18:02:13,785] INFO Server environment:java.compiler=<NA> (org.apache.zookeeper.server.ZooKeeperServer)
[2022-09-21 18:02:13,785] INFO Server environment:os.name=Mac OS X (org.apache.zookeeper.server.ZooKeeperServer)
[2022-09-21 18:02:13,785] INFO Server environment:os.arch=x86_64 (org.apache.zookeeper.server.ZooKeeperServer)
[2022-09-21 18:02:13,785] INFO Server environment:os.version=12.6 (org.apache.zookeeper.server.ZooKeeperServer)
[2022-09-21 18:02:13,785] INFO Server environment:user.name=ducvo (org.apache.zookeeper.server.ZooKeeperServer)
[2022-09-21 18:02:13,785] INFO Server environment:user.home=/Users/ducvo (org.apache.zookeeper.server.ZooKeeperServer)
[2022-09-21 18:02:13,786] INFO Server environment:user.dir=/Users/ducvo/kafka_2.13-3.2.1 (org.apache.zookeeper.server.ZooKeeperServer)
[2022-09-21 18:02:13,786] INFO Server environment:os.memory.free=495MB (org.apache.zookeeper.server.ZooKeeperServer)
[2022-09-21 18:02:13,786] INFO Server environment:os.memory.max=512MB (org.apache.zookeeper.server.ZooKeeperServer)
[2022-09-21 18:02:13,786] INFO Server environment:os.memory.total=512MB (org.apache.zookeeper.server.ZooKeeperServer)
[2022-09-21 18:02:13,786] INFO zookeeper.enableEagerACLCheck = false (org.apache.zookeeper.server.ZooKeeperServer)
[2022-09-21 18:02:13,786] INFO zookeeper.digest.enabled = true (org.apache.zookeeper.server.ZooKeeperServer)
[2022-09-21 18:02:13,786] INFO zookeeper.closeSessionTxn.enabled = true (org.apache.zookeeper.server.ZooKeeperServer)
[2022-09-21 18:02:13,786] INFO zookeeper.flushDelay=0 (org.apache.zookeeper.server.ZooKeeperServer)
[2022-09-21 18:02:13,786] INFO zookeeper.maxWriteQueuePollTime=0 (org.apache.zookeeper.server.ZooKeeperServer)
[2022-09-21 18:02:13,786] INFO zookeeper.maxBatchSize=1000 (org.apache.zookeeper.server.ZooKeeperServer)
[2022-09-21 18:02:13,787] INFO zookeeper.intBufferStartingSizeBytes = 1024 (org.apache.zookeeper.server.ZooKeeperServer)
[2022-09-21 18:02:13,788] INFO Weighed connection throttling is disabled (org.apache.zookeeper.server.BlueThrottle)
[2022-09-21 18:02:13,789] INFO minSessionTimeout set to 6000 (org.apache.zookeeper.server.ZooKeeperServer)
[2022-09-21 18:02:13,789] INFO maxSessionTimeout set to 60000 (org.apache.zookeeper.server.ZooKeeperServer)
[2022-09-21 18:02:13,790] INFO Response cache size is initialized with value 400. (org.apache.zookeeper.server.ResponseCache)
[2022-09-21 18:02:13,790] INFO Response cache size is initialized with value 400. (org.apache.zookeeper.server.ResponseCache)
[2022-09-21 18:02:13,791] INFO zookeeper.pathStats.slotCapacity = 60 (org.apache.zookeeper.server.util.RequestPathMetricsCollector)
[2022-09-21 18:02:13,791] INFO zookeeper.pathStats.slotDuration = 15 (org.apache.zookeeper.server.util.RequestPathMetricsCollector)
[2022-09-21 18:02:13,791] INFO zookeeper.pathStats.maxDepth = 6 (org.apache.zookeeper.server.util.RequestPathMetricsCollector)
[2022-09-21 18:02:13,791] INFO zookeeper.pathStats.initialDelay = 5 (org.apache.zookeeper.server.util.RequestPathMetricsCollector)
[2022-09-21 18:02:13,791] INFO zookeeper.pathStats.delay = 5 (org.apache.zookeeper.server.util.RequestPathMetricsCollector)
[2022-09-21 18:02:13,791] INFO zookeeper.pathStats.enabled = false (org.apache.zookeeper.server.util.RequestPathMetricsCollector)
[2022-09-21 18:02:13,795] INFO The max bytes for all large requests are set to 104857600 (org.apache.zookeeper.server.ZooKeeperServer)
[2022-09-21 18:02:13,795] INFO The large request threshold is set to -1 (org.apache.zookeeper.server.ZooKeeperServer)
[2022-09-21 18:02:13,795] INFO Created server with tickTime 3000 minSessionTimeout 6000 maxSessionTimeout 60000 clientPortListenBacklog -1 datadir /tmp/zookeeper/version-2 snapdir /tmp/zookeeper/version-2 (org.apache.zookeeper.server.ZooKeeperServer)
[2022-09-21 18:02:13,812] INFO Using org.apache.zookeeper.server.NIOServerCnxnFactory as server connection factory (org.apache.zookeeper.server.ServerCnxnFactory)
[2022-09-21 18:02:13,814] WARN maxCnxns is not configured, using default value 0. (org.apache.zookeeper.server.ServerCnxnFactory)
[2022-09-21 18:02:13,815] INFO Configuring NIO connection handler with 10s sessionless connection timeout, 2 selector thread(s), 24 worker threads, and 64 kB direct buffers. (org.apache.zookeeper.server.NIOServerCnxnFactory)
[2022-09-21 18:02:13,822] INFO binding to port 0.0.0.0/0.0.0.0:2181 (org.apache.zookeeper.server.NIOServerCnxnFactory)
[2022-09-21 18:02:13,837] INFO Using org.apache.zookeeper.server.watch.WatchManager as watch manager (org.apache.zookeeper.server.watch.WatchManagerFactory)
[2022-09-21 18:02:13,838] INFO Using org.apache.zookeeper.server.watch.WatchManager as watch manager (org.apache.zookeeper.server.watch.WatchManagerFactory)
[2022-09-21 18:02:13,838] INFO zookeeper.snapshotSizeFactor = 0.33 (org.apache.zookeeper.server.ZKDatabase)
[2022-09-21 18:02:13,839] INFO zookeeper.commitLogCount=500 (org.apache.zookeeper.server.ZKDatabase)
[2022-09-21 18:02:13,844] INFO zookeeper.snapshot.compression.method = CHECKED (org.apache.zookeeper.server.persistence.SnapStream)
[2022-09-21 18:02:13,846] INFO Reading snapshot /tmp/zookeeper/version-2/snapshot.142 (org.apache.zookeeper.server.persistence.FileSnap)
[2022-09-21 18:02:13,858] INFO The digest in the snapshot has digest version of 2, , with zxid as 0x142, and digest value as 315270925029 (org.apache.zookeeper.server.DataTree)
[2022-09-21 18:02:13,873] INFO ZooKeeper audit is disabled. (org.apache.zookeeper.audit.ZKAuditProvider)
[2022-09-21 18:02:13,899] INFO 205 txns loaded in 29 ms (org.apache.zookeeper.server.persistence.FileTxnSnapLog)
[2022-09-21 18:02:13,899] INFO Snapshot loaded in 61 ms, highest zxid is 0x20f, digest is 349218387877 (org.apache.zookeeper.server.ZKDatabase)
[2022-09-21 18:02:13,899] INFO Snapshotting: 0x20f to /tmp/zookeeper/version-2/snapshot.20f (org.apache.zookeeper.server.persistence.FileTxnSnapLog)
[2022-09-21 18:02:13,904] INFO Snapshot taken in 4 ms (org.apache.zookeeper.server.ZooKeeperServer)
[2022-09-21 18:02:13,913] INFO PrepRequestProcessor (sid:0) started, reconfigEnabled=false (org.apache.zookeeper.server.PrepRequestProcessor)
[2022-09-21 18:02:13,913] INFO zookeeper.request_throttler.shutdownTimeout = 10000 (org.apache.zookeeper.server.RequestThrottler)
[2022-09-21 18:02:13,932] INFO Using checkIntervalMs=60000 maxPerMinute=10000 maxNeverUsedIntervalMs=0 (org.apache.zookeeper.server.ContainerManager)
[2022-09-21 18:02:15,152] INFO Creating new log file: log.210 (org.apache.zookeeper.server.persistence.FileTxnLog)
[2022-09-21 18:02:34,205] INFO Expiring session 0x1000550ad290005, timeout of 18000ms exceeded (org.apache.zookeeper.server.ZooKeeperServer)
[2022-09-21 18:02:34,206] INFO Expiring session 0x1000550ad290004, timeout of 18000ms exceeded (org.apache.zookeeper.server.ZooKeeperServer)
[2022-09-21 18:40:47,603] INFO Reading configuration from: /Users/ducvo/kafka_2.13-3.2.1/config/zookeeper.properties (org.apache.zookeeper.server.quorum.QuorumPeerConfig)
[2022-09-21 18:40:47,614] INFO clientPortAddress is 0.0.0.0:2181 (org.apache.zookeeper.server.quorum.QuorumPeerConfig)
[2022-09-21 18:40:47,614] INFO secureClientPort is not set (org.apache.zookeeper.server.quorum.QuorumPeerConfig)
[2022-09-21 18:40:47,614] INFO observerMasterPort is not set (org.apache.zookeeper.server.quorum.QuorumPeerConfig)
[2022-09-21 18:40:47,614] INFO metricsProvider.className is org.apache.zookeeper.metrics.impl.DefaultMetricsProvider (org.apache.zookeeper.server.quorum.QuorumPeerConfig)
[2022-09-21 18:40:47,618] INFO autopurge.snapRetainCount set to 3 (org.apache.zookeeper.server.DatadirCleanupManager)
[2022-09-21 18:40:47,618] INFO autopurge.purgeInterval set to 0 (org.apache.zookeeper.server.DatadirCleanupManager)
[2022-09-21 18:40:47,618] INFO Purge task is not scheduled. (org.apache.zookeeper.server.DatadirCleanupManager)
[2022-09-21 18:40:47,618] WARN Either no config or no quorum defined in config, running in standalone mode (org.apache.zookeeper.server.quorum.QuorumPeerMain)
[2022-09-21 18:40:47,620] INFO Log4j 1.2 jmx support not found; jmx disabled. (org.apache.zookeeper.jmx.ManagedUtil)
[2022-09-21 18:40:47,621] INFO Reading configuration from: /Users/ducvo/kafka_2.13-3.2.1/config/zookeeper.properties (org.apache.zookeeper.server.quorum.QuorumPeerConfig)
[2022-09-21 18:40:47,621] INFO clientPortAddress is 0.0.0.0:2181 (org.apache.zookeeper.server.quorum.QuorumPeerConfig)
[2022-09-21 18:40:47,622] INFO secureClientPort is not set (org.apache.zookeeper.server.quorum.QuorumPeerConfig)
[2022-09-21 18:40:47,622] INFO observerMasterPort is not set (org.apache.zookeeper.server.quorum.QuorumPeerConfig)
[2022-09-21 18:40:47,622] INFO metricsProvider.className is org.apache.zookeeper.metrics.impl.DefaultMetricsProvider (org.apache.zookeeper.server.quorum.QuorumPeerConfig)
[2022-09-21 18:40:47,622] INFO Starting server (org.apache.zookeeper.server.ZooKeeperServerMain)
[2022-09-21 18:40:47,637] INFO ServerMetrics initialized with provider org.apache.zookeeper.metrics.impl.DefaultMetricsProvider@1e67a849 (org.apache.zookeeper.server.ServerMetrics)
[2022-09-21 18:40:47,641] INFO zookeeper.snapshot.trust.empty : false (org.apache.zookeeper.server.persistence.FileTxnSnapLog)
[2022-09-21 18:40:47,655] INFO  (org.apache.zookeeper.server.ZooKeeperServer)
[2022-09-21 18:40:47,656] INFO   ______                  _                                           (org.apache.zookeeper.server.ZooKeeperServer)
[2022-09-21 18:40:47,656] INFO  |___  /                 | |                                          (org.apache.zookeeper.server.ZooKeeperServer)
[2022-09-21 18:40:47,656] INFO     / /    ___     ___   | | __   ___    ___   _ __     ___   _ __    (org.apache.zookeeper.server.ZooKeeperServer)
[2022-09-21 18:40:47,656] INFO    / /    / _ \   / _ \  | |/ /  / _ \  / _ \ | '_ \   / _ \ | '__| (org.apache.zookeeper.server.ZooKeeperServer)
[2022-09-21 18:40:47,656] INFO   / /__  | (_) | | (_) | |   <  |  __/ |  __/ | |_) | |  __/ | |     (org.apache.zookeeper.server.ZooKeeperServer)
[2022-09-21 18:40:47,656] INFO  /_____|  \___/   \___/  |_|\_\  \___|  \___| | .__/   \___| |_| (org.apache.zookeeper.server.ZooKeeperServer)
[2022-09-21 18:40:47,656] INFO                                               | |                      (org.apache.zookeeper.server.ZooKeeperServer)
[2022-09-21 18:40:47,656] INFO                                               |_|                      (org.apache.zookeeper.server.ZooKeeperServer)
[2022-09-21 18:40:47,656] INFO  (org.apache.zookeeper.server.ZooKeeperServer)
[2022-09-21 18:40:47,659] INFO Server environment:zookeeper.version=3.6.3--6401e4ad2087061bc6b9f80dec2d69f2e3c8660a, built on 04/08/2021 16:35 GMT (org.apache.zookeeper.server.ZooKeeperServer)
[2022-09-21 18:40:47,659] INFO Server environment:host.name=localhost (org.apache.zookeeper.server.ZooKeeperServer)
[2022-09-21 18:40:47,659] INFO Server environment:java.version=17.0.4.1 (org.apache.zookeeper.server.ZooKeeperServer)
[2022-09-21 18:40:47,659] INFO Server environment:java.vendor=Oracle Corporation (org.apache.zookeeper.server.ZooKeeperServer)
[2022-09-21 18:40:47,659] INFO Server environment:java.home=/Library/Java/JavaVirtualMachines/jdk-17.0.4.1.jdk/Contents/Home (org.apache.zookeeper.server.ZooKeeperServer)
[2022-09-21 18:40:47,659] INFO Server environment:java.class.path=/Users/ducvo/kafka_2.13-3.2.1/bin/../libs/activation-1.1.1.jar:/Users/ducvo/kafka_2.13-3.2.1/bin/../libs/aopalliance-repackaged-2.6.1.jar:/Users/ducvo/kafka_2.13-3.2.1/bin/../libs/argparse4j-0.7.0.jar:/Users/ducvo/kafka_2.13-3.2.1/bin/../libs/audience-annotations-0.5.0.jar:/Users/ducvo/kafka_2.13-3.2.1/bin/../libs/commons-cli-1.4.jar:/Users/ducvo/kafka_2.13-3.2.1/bin/../libs/commons-lang3-3.8.1.jar:/Users/ducvo/kafka_2.13-3.2.1/bin/../libs/connect-api-3.2.1.jar:/Users/ducvo/kafka_2.13-3.2.1/bin/../libs/connect-basic-auth-extension-3.2.1.jar:/Users/ducvo/kafka_2.13-3.2.1/bin/../libs/connect-json-3.2.1.jar:/Users/ducvo/kafka_2.13-3.2.1/bin/../libs/connect-mirror-3.2.1.jar:/Users/ducvo/kafka_2.13-3.2.1/bin/../libs/connect-mirror-client-3.2.1.jar:/Users/ducvo/kafka_2.13-3.2.1/bin/../libs/connect-runtime-3.2.1.jar:/Users/ducvo/kafka_2.13-3.2.1/bin/../libs/connect-transforms-3.2.1.jar:/Users/ducvo/kafka_2.13-3.2.1/bin/../libs/hk2-api-2.6.1.jar:/Users/ducvo/kafka_2.13-3.2.1/bin/../libs/hk2-locator-2.6.1.jar:/Users/ducvo/kafka_2.13-3.2.1/bin/../libs/hk2-utils-2.6.1.jar:/Users/ducvo/kafka_2.13-3.2.1/bin/../libs/jackson-annotations-2.12.6.jar:/Users/ducvo/kafka_2.13-3.2.1/bin/../libs/jackson-core-2.12.6.jar:/Users/ducvo/kafka_2.13-3.2.1/bin/../libs/jackson-databind-2.12.6.1.jar:/Users/ducvo/kafka_2.13-3.2.1/bin/../libs/jackson-dataformat-csv-2.12.6.jar:/Users/ducvo/kafka_2.13-3.2.1/bin/../libs/jackson-datatype-jdk8-2.12.6.jar:/Users/ducvo/kafka_2.13-3.2.1/bin/../libs/jackson-jaxrs-base-2.12.6.jar:/Users/ducvo/kafka_2.13-3.2.1/bin/../libs/jackson-jaxrs-json-provider-2.12.6.jar:/Users/ducvo/kafka_2.13-3.2.1/bin/../libs/jackson-module-jaxb-annotations-2.12.6.jar:/Users/ducvo/kafka_2.13-3.2.1/bin/../libs/jackson-module-scala_2.13-2.12.6.jar:/Users/ducvo/kafka_2.13-3.2.1/bin/../libs/jakarta.activation-api-1.2.1.jar:/Users/ducvo/kafka_2.13-3.2.1/bin/../libs/jakarta.annotation-api-1.3.5.jar:/Users/ducvo/kafka_2.13-3.2.1/bin/../libs/jakarta.inject-2.6.1.jar:/Users/ducvo/kafka_2.13-3.2.1/bin/../libs/jakarta.validation-api-2.0.2.jar:/Users/ducvo/kafka_2.13-3.2.1/bin/../libs/jakarta.ws.rs-api-2.1.6.jar:/Users/ducvo/kafka_2.13-3.2.1/bin/../libs/jakarta.xml.bind-api-2.3.2.jar:/Users/ducvo/kafka_2.13-3.2.1/bin/../libs/javassist-3.27.0-GA.jar:/Users/ducvo/kafka_2.13-3.2.1/bin/../libs/javax.servlet-api-3.1.0.jar:/Users/ducvo/kafka_2.13-3.2.1/bin/../libs/javax.ws.rs-api-2.1.1.jar:/Users/ducvo/kafka_2.13-3.2.1/bin/../libs/jaxb-api-2.3.0.jar:/Users/ducvo/kafka_2.13-3.2.1/bin/../libs/jersey-client-2.34.jar:/Users/ducvo/kafka_2.13-3.2.1/bin/../libs/jersey-common-2.34.jar:/Users/ducvo/kafka_2.13-3.2.1/bin/../libs/jersey-container-servlet-2.34.jar:/Users/ducvo/kafka_2.13-3.2.1/bin/../libs/jersey-container-servlet-core-2.34.jar:/Users/ducvo/kafka_2.13-3.2.1/bin/../libs/jersey-hk2-2.34.jar:/Users/ducvo/kafka_2.13-3.2.1/bin/../libs/jersey-server-2.34.jar:/Users/ducvo/kafka_2.13-3.2.1/bin/../libs/jetty-client-9.4.44.v20210927.jar:/Users/ducvo/kafka_2.13-3.2.1/bin/../libs/jetty-continuation-9.4.44.v20210927.jar:/Users/ducvo/kafka_2.13-3.2.1/bin/../libs/jetty-http-9.4.44.v20210927.jar:/Users/ducvo/kafka_2.13-3.2.1/bin/../libs/jetty-io-9.4.44.v20210927.jar:/Users/ducvo/kafka_2.13-3.2.1/bin/../libs/jetty-security-9.4.44.v20210927.jar:/Users/ducvo/kafka_2.13-3.2.1/bin/../libs/jetty-server-9.4.44.v20210927.jar:/Users/ducvo/kafka_2.13-3.2.1/bin/../libs/jetty-servlet-9.4.44.v20210927.jar:/Users/ducvo/kafka_2.13-3.2.1/bin/../libs/jetty-servlets-9.4.44.v20210927.jar:/Users/ducvo/kafka_2.13-3.2.1/bin/../libs/jetty-util-9.4.44.v20210927.jar:/Users/ducvo/kafka_2.13-3.2.1/bin/../libs/jetty-util-ajax-9.4.44.v20210927.jar:/Users/ducvo/kafka_2.13-3.2.1/bin/../libs/jline-3.21.0.jar:/Users/ducvo/kafka_2.13-3.2.1/bin/../libs/jopt-simple-5.0.4.jar:/Users/ducvo/kafka_2.13-3.2.1/bin/../libs/jose4j-0.7.9.jar:/Users/ducvo/kafka_2.13-3.2.1/bin/../libs/kafka-clients-3.2.1.jar:/Users/ducvo/kafka_2.13-3.2.1/bin/../libs/kafka-log4j-appender-3.2.1.jar:/Users/ducvo/kafka_2.13-3.2.1/bin/../libs/kafka-metadata-3.2.1.jar:/Users/ducvo/kafka_2.13-3.2.1/bin/../libs/kafka-raft-3.2.1.jar:/Users/ducvo/kafka_2.13-3.2.1/bin/../libs/kafka-server-common-3.2.1.jar:/Users/ducvo/kafka_2.13-3.2.1/bin/../libs/kafka-shell-3.2.1.jar:/Users/ducvo/kafka_2.13-3.2.1/bin/../libs/kafka-storage-3.2.1.jar:/Users/ducvo/kafka_2.13-3.2.1/bin/../libs/kafka-storage-api-3.2.1.jar:/Users/ducvo/kafka_2.13-3.2.1/bin/../libs/kafka-streams-3.2.1.jar:/Users/ducvo/kafka_2.13-3.2.1/bin/../libs/kafka-streams-examples-3.2.1.jar:/Users/ducvo/kafka_2.13-3.2.1/bin/../libs/kafka-streams-scala_2.13-3.2.1.jar:/Users/ducvo/kafka_2.13-3.2.1/bin/../libs/kafka-streams-test-utils-3.2.1.jar:/Users/ducvo/kafka_2.13-3.2.1/bin/../libs/kafka-tools-3.2.1.jar:/Users/ducvo/kafka_2.13-3.2.1/bin/../libs/kafka_2.13-3.2.1.jar:/Users/ducvo/kafka_2.13-3.2.1/bin/../libs/lz4-java-1.8.0.jar:/Users/ducvo/kafka_2.13-3.2.1/bin/../libs/maven-artifact-3.8.4.jar:/Users/ducvo/kafka_2.13-3.2.1/bin/../libs/metrics-core-2.2.0.jar:/Users/ducvo/kafka_2.13-3.2.1/bin/../libs/metrics-core-4.1.12.1.jar:/Users/ducvo/kafka_2.13-3.2.1/bin/../libs/netty-buffer-4.1.73.Final.jar:/Users/ducvo/kafka_2.13-3.2.1/bin/../libs/netty-codec-4.1.73.Final.jar:/Users/ducvo/kafka_2.13-3.2.1/bin/../libs/netty-common-4.1.73.Final.jar:/Users/ducvo/kafka_2.13-3.2.1/bin/../libs/netty-handler-4.1.73.Final.jar:/Users/ducvo/kafka_2.13-3.2.1/bin/../libs/netty-resolver-4.1.73.Final.jar:/Users/ducvo/kafka_2.13-3.2.1/bin/../libs/netty-tcnative-classes-2.0.46.Final.jar:/Users/ducvo/kafka_2.13-3.2.1/bin/../libs/netty-transport-4.1.73.Final.jar:/Users/ducvo/kafka_2.13-3.2.1/bin/../libs/netty-transport-classes-epoll-4.1.73.Final.jar:/Users/ducvo/kafka_2.13-3.2.1/bin/../libs/netty-transport-native-epoll-4.1.73.Final.jar:/Users/ducvo/kafka_2.13-3.2.1/bin/../libs/netty-transport-native-unix-common-4.1.73.Final.jar:/Users/ducvo/kafka_2.13-3.2.1/bin/../libs/osgi-resource-locator-1.0.3.jar:/Users/ducvo/kafka_2.13-3.2.1/bin/../libs/paranamer-2.8.jar:/Users/ducvo/kafka_2.13-3.2.1/bin/../libs/plexus-utils-3.3.0.jar:/Users/ducvo/kafka_2.13-3.2.1/bin/../libs/reflections-0.9.12.jar:/Users/ducvo/kafka_2.13-3.2.1/bin/../libs/reload4j-1.2.19.jar:/Users/ducvo/kafka_2.13-3.2.1/bin/../libs/rocksdbjni-6.29.4.1.jar:/Users/ducvo/kafka_2.13-3.2.1/bin/../libs/scala-collection-compat_2.13-2.6.0.jar:/Users/ducvo/kafka_2.13-3.2.1/bin/../libs/scala-java8-compat_2.13-1.0.2.jar:/Users/ducvo/kafka_2.13-3.2.1/bin/../libs/scala-library-2.13.8.jar:/Users/ducvo/kafka_2.13-3.2.1/bin/../libs/scala-logging_2.13-3.9.4.jar:/Users/ducvo/kafka_2.13-3.2.1/bin/../libs/scala-reflect-2.13.8.jar:/Users/ducvo/kafka_2.13-3.2.1/bin/../libs/slf4j-api-1.7.36.jar:/Users/ducvo/kafka_2.13-3.2.1/bin/../libs/slf4j-reload4j-1.7.36.jar:/Users/ducvo/kafka_2.13-3.2.1/bin/../libs/snappy-java-1.1.8.4.jar:/Users/ducvo/kafka_2.13-3.2.1/bin/../libs/trogdor-3.2.1.jar:/Users/ducvo/kafka_2.13-3.2.1/bin/../libs/zookeeper-3.6.3.jar:/Users/ducvo/kafka_2.13-3.2.1/bin/../libs/zookeeper-jute-3.6.3.jar:/Users/ducvo/kafka_2.13-3.2.1/bin/../libs/zstd-jni-1.5.2-1.jar (org.apache.zookeeper.server.ZooKeeperServer)
[2022-09-21 18:40:47,663] INFO Server environment:java.library.path=/Users/ducvo/Library/Java/Extensions:/Library/Java/Extensions:/Network/Library/Java/Extensions:/System/Library/Java/Extensions:/usr/lib/java:. (org.apache.zookeeper.server.ZooKeeperServer)
[2022-09-21 18:40:47,663] INFO Server environment:java.io.tmpdir=/var/folders/2s/dywb29513ks7x5zhwp5r4dfc0000gn/T/ (org.apache.zookeeper.server.ZooKeeperServer)
[2022-09-21 18:40:47,663] INFO Server environment:java.compiler=<NA> (org.apache.zookeeper.server.ZooKeeperServer)
[2022-09-21 18:40:47,663] INFO Server environment:os.name=Mac OS X (org.apache.zookeeper.server.ZooKeeperServer)
[2022-09-21 18:40:47,663] INFO Server environment:os.arch=x86_64 (org.apache.zookeeper.server.ZooKeeperServer)
[2022-09-21 18:40:47,663] INFO Server environment:os.version=12.6 (org.apache.zookeeper.server.ZooKeeperServer)
[2022-09-21 18:40:47,663] INFO Server environment:user.name=ducvo (org.apache.zookeeper.server.ZooKeeperServer)
[2022-09-21 18:40:47,663] INFO Server environment:user.home=/Users/ducvo (org.apache.zookeeper.server.ZooKeeperServer)
[2022-09-21 18:40:47,665] INFO Server environment:user.dir=/Users/ducvo/kafka_2.13-3.2.1 (org.apache.zookeeper.server.ZooKeeperServer)
[2022-09-21 18:40:47,665] INFO Server environment:os.memory.free=10224MB (org.apache.zookeeper.server.ZooKeeperServer)
[2022-09-21 18:40:47,665] INFO Server environment:os.memory.max=12288MB (org.apache.zookeeper.server.ZooKeeperServer)
[2022-09-21 18:40:47,665] INFO Server environment:os.memory.total=10256MB (org.apache.zookeeper.server.ZooKeeperServer)
[2022-09-21 18:40:47,665] INFO zookeeper.enableEagerACLCheck = false (org.apache.zookeeper.server.ZooKeeperServer)
[2022-09-21 18:40:47,665] INFO zookeeper.digest.enabled = true (org.apache.zookeeper.server.ZooKeeperServer)
[2022-09-21 18:40:47,665] INFO zookeeper.closeSessionTxn.enabled = true (org.apache.zookeeper.server.ZooKeeperServer)
[2022-09-21 18:40:47,666] INFO zookeeper.flushDelay=0 (org.apache.zookeeper.server.ZooKeeperServer)
[2022-09-21 18:40:47,666] INFO zookeeper.maxWriteQueuePollTime=0 (org.apache.zookeeper.server.ZooKeeperServer)
[2022-09-21 18:40:47,666] INFO zookeeper.maxBatchSize=1000 (org.apache.zookeeper.server.ZooKeeperServer)
[2022-09-21 18:40:47,666] INFO zookeeper.intBufferStartingSizeBytes = 1024 (org.apache.zookeeper.server.ZooKeeperServer)
[2022-09-21 18:40:47,667] INFO Weighed connection throttling is disabled (org.apache.zookeeper.server.BlueThrottle)
[2022-09-21 18:40:47,669] INFO minSessionTimeout set to 6000 (org.apache.zookeeper.server.ZooKeeperServer)
[2022-09-21 18:40:47,669] INFO maxSessionTimeout set to 60000 (org.apache.zookeeper.server.ZooKeeperServer)
[2022-09-21 18:40:47,670] INFO Response cache size is initialized with value 400. (org.apache.zookeeper.server.ResponseCache)
[2022-09-21 18:40:47,670] INFO Response cache size is initialized with value 400. (org.apache.zookeeper.server.ResponseCache)
[2022-09-21 18:40:47,671] INFO zookeeper.pathStats.slotCapacity = 60 (org.apache.zookeeper.server.util.RequestPathMetricsCollector)
[2022-09-21 18:40:47,672] INFO zookeeper.pathStats.slotDuration = 15 (org.apache.zookeeper.server.util.RequestPathMetricsCollector)
[2022-09-21 18:40:47,672] INFO zookeeper.pathStats.maxDepth = 6 (org.apache.zookeeper.server.util.RequestPathMetricsCollector)
[2022-09-21 18:40:47,672] INFO zookeeper.pathStats.initialDelay = 5 (org.apache.zookeeper.server.util.RequestPathMetricsCollector)
[2022-09-21 18:40:47,672] INFO zookeeper.pathStats.delay = 5 (org.apache.zookeeper.server.util.RequestPathMetricsCollector)
[2022-09-21 18:40:47,672] INFO zookeeper.pathStats.enabled = false (org.apache.zookeeper.server.util.RequestPathMetricsCollector)
[2022-09-21 18:40:47,676] INFO The max bytes for all large requests are set to 104857600 (org.apache.zookeeper.server.ZooKeeperServer)
[2022-09-21 18:40:47,676] INFO The large request threshold is set to -1 (org.apache.zookeeper.server.ZooKeeperServer)
[2022-09-21 18:40:47,676] INFO Created server with tickTime 3000 minSessionTimeout 6000 maxSessionTimeout 60000 clientPortListenBacklog -1 datadir /tmp/zookeeper/version-2 snapdir /tmp/zookeeper/version-2 (org.apache.zookeeper.server.ZooKeeperServer)
[2022-09-21 18:40:47,692] INFO Using org.apache.zookeeper.server.NIOServerCnxnFactory as server connection factory (org.apache.zookeeper.server.ServerCnxnFactory)
[2022-09-21 18:40:47,694] WARN maxCnxns is not configured, using default value 0. (org.apache.zookeeper.server.ServerCnxnFactory)
[2022-09-21 18:40:47,695] INFO Configuring NIO connection handler with 10s sessionless connection timeout, 2 selector thread(s), 24 worker threads, and 64 kB direct buffers. (org.apache.zookeeper.server.NIOServerCnxnFactory)
[2022-09-21 18:40:47,703] INFO binding to port 0.0.0.0/0.0.0.0:2181 (org.apache.zookeeper.server.NIOServerCnxnFactory)
[2022-09-21 18:40:47,721] INFO Using org.apache.zookeeper.server.watch.WatchManager as watch manager (org.apache.zookeeper.server.watch.WatchManagerFactory)
[2022-09-21 18:40:47,722] INFO Using org.apache.zookeeper.server.watch.WatchManager as watch manager (org.apache.zookeeper.server.watch.WatchManagerFactory)
[2022-09-21 18:40:47,722] INFO zookeeper.snapshotSizeFactor = 0.33 (org.apache.zookeeper.server.ZKDatabase)
[2022-09-21 18:40:47,722] INFO zookeeper.commitLogCount=500 (org.apache.zookeeper.server.ZKDatabase)
[2022-09-21 18:40:47,728] INFO zookeeper.snapshot.compression.method = CHECKED (org.apache.zookeeper.server.persistence.SnapStream)
[2022-09-21 18:40:47,733] INFO Reading snapshot /tmp/zookeeper/version-2/snapshot.20f (org.apache.zookeeper.server.persistence.FileSnap)
[2022-09-21 18:40:47,744] INFO The digest in the snapshot has digest version of 2, , with zxid as 0x20f, and digest value as 349218387877 (org.apache.zookeeper.server.DataTree)
[2022-09-21 18:40:47,769] INFO ZooKeeper audit is disabled. (org.apache.zookeeper.audit.ZKAuditProvider)
[2022-09-21 18:40:47,770] INFO 8 txns loaded in 10 ms (org.apache.zookeeper.server.persistence.FileTxnSnapLog)
[2022-09-21 18:40:47,770] INFO Snapshot loaded in 48 ms, highest zxid is 0x217, digest is 334916383612 (org.apache.zookeeper.server.ZKDatabase)
[2022-09-21 18:40:47,770] INFO Snapshotting: 0x217 to /tmp/zookeeper/version-2/snapshot.217 (org.apache.zookeeper.server.persistence.FileTxnSnapLog)
[2022-09-21 18:40:47,774] INFO Snapshot taken in 4 ms (org.apache.zookeeper.server.ZooKeeperServer)
[2022-09-21 18:40:47,787] INFO PrepRequestProcessor (sid:0) started, reconfigEnabled=false (org.apache.zookeeper.server.PrepRequestProcessor)
[2022-09-21 18:40:47,787] INFO zookeeper.request_throttler.shutdownTimeout = 10000 (org.apache.zookeeper.server.RequestThrottler)
[2022-09-21 18:40:47,806] INFO Using checkIntervalMs=60000 maxPerMinute=10000 maxNeverUsedIntervalMs=0 (org.apache.zookeeper.server.ContainerManager)
